2025-04-02T18:58:51.412+03:00  INFO 12516 --- [walnut] [main] o.e.b.BlackSeaWalnutApplication          : Starting BlackSeaWalnutApplication using Java 22.0.2 with PID 12516 (C:\Users\Roma\IdeaProjects\black_sea_walnut5\target\classes started by Roma in C:\Users\Roma\IdeaProjects\black_sea_walnut5)
2025-04-02T18:58:51.422+03:00  INFO 12516 --- [walnut] [main] o.e.b.BlackSeaWalnutApplication          : No active profile set, falling back to 1 default profile: "default"
2025-04-02T18:58:57.913+03:00  INFO 12516 --- [walnut] [main] .s.d.r.c.RepositoryConfigurationDelegate : Bootstrapping Spring Data JPA repositories in DEFAULT mode.
2025-04-02T18:58:58.119+03:00  INFO 12516 --- [walnut] [main] .s.d.r.c.RepositoryConfigurationDelegate : Finished Spring Data repository scanning in 197 ms. Found 24 JPA repository interfaces.
2025-04-02T18:58:58.941+03:00  INFO 12516 --- [walnut] [main] o.s.b.w.embedded.tomcat.TomcatWebServer  : Tomcat initialized with port 7701 (http)
2025-04-02T18:58:58.970+03:00  INFO 12516 --- [walnut] [main] o.apache.catalina.core.StandardService   : Starting service [Tomcat]
2025-04-02T18:58:58.970+03:00  INFO 12516 --- [walnut] [main] o.apache.catalina.core.StandardEngine    : Starting Servlet engine: [Apache Tomcat/10.1.30]
2025-04-02T18:58:59.060+03:00  INFO 12516 --- [walnut] [main] o.a.c.c.C.[.[.[/Walnut-R.Pravnyk]        : Initializing Spring embedded WebApplicationContext
2025-04-02T18:58:59.060+03:00  INFO 12516 --- [walnut] [main] w.s.c.ServletWebServerApplicationContext : Root WebApplicationContext: initialization completed in 7340 ms
2025-04-02T18:58:59.291+03:00  INFO 12516 --- [walnut] [main] o.hibernate.jpa.internal.util.LogHelper  : HHH000204: Processing PersistenceUnitInfo [name: default]
2025-04-02T18:58:59.385+03:00  INFO 12516 --- [walnut] [main] org.hibernate.Version                    : HHH000412: Hibernate ORM core version 6.5.3.Final
2025-04-02T18:58:59.450+03:00  INFO 12516 --- [walnut] [main] o.h.c.internal.RegionFactoryInitiator    : HHH000026: Second-level cache disabled
2025-04-02T18:58:59.924+03:00  INFO 12516 --- [walnut] [main] o.s.o.j.p.SpringPersistenceUnitInfo      : No LoadTimeWeaver setup: ignoring JPA class transformer
2025-04-02T18:58:59.957+03:00  INFO 12516 --- [walnut] [main] com.zaxxer.hikari.HikariDataSource       : HikariPool-1 - Starting...
2025-04-02T18:59:00.719+03:00  INFO 12516 --- [walnut] [main] com.zaxxer.hikari.pool.HikariPool        : HikariPool-1 - Added connection com.mysql.cj.jdbc.ConnectionImpl@6150afc6
2025-04-02T18:59:00.723+03:00  INFO 12516 --- [walnut] [main] com.zaxxer.hikari.HikariDataSource       : HikariPool-1 - Start completed.
2025-04-02T18:59:00.879+03:00  WARN 12516 --- [walnut] [main] org.hibernate.orm.deprecation            : HHH90000025: MySQL8Dialect does not need to be specified explicitly using 'hibernate.dialect' (remove the property setting and it will be selected by default)
2025-04-02T18:59:00.880+03:00  WARN 12516 --- [walnut] [main] org.hibernate.orm.deprecation            : HHH90000026: MySQL8Dialect has been deprecated; use org.hibernate.dialect.MySQLDialect instead
2025-04-02T18:59:02.600+03:00  INFO 12516 --- [walnut] [main] o.h.e.t.j.p.i.JtaPlatformInitiator       : HHH000489: No JTA platform available (set 'hibernate.transaction.jta.platform' to enable JTA platform integration)
2025-04-02T18:59:03.114+03:00  INFO 12516 --- [walnut] [main] j.LocalContainerEntityManagerFactoryBean : Initialized JPA EntityManagerFactory for persistence unit 'default'
2025-04-02T18:59:03.470+03:00  INFO 12516 --- [walnut] [main] o.s.d.j.r.query.QueryEnhancerFactory     : Hibernate is in classpath; If applicable, HQL parser will be used.
2025-04-02T18:59:05.183+03:00  WARN 12516 --- [walnut] [main] JpaBaseConfiguration$JpaWebConfiguration : spring.jpa.open-in-view is enabled by default. Therefore, database queries may be performed during view rendering. Explicitly configure spring.jpa.open-in-view to disable this warning
2025-04-02T18:59:05.242+03:00  INFO 12516 --- [walnut] [main] eAuthenticationProviderManagerConfigurer : Global AuthenticationManager configured with AuthenticationProvider bean with name authenticationProvider
2025-04-02T18:59:05.244+03:00  WARN 12516 --- [walnut] [main] r$InitializeUserDetailsManagerConfigurer : Global AuthenticationManager configured with an AuthenticationProvider bean. UserDetailsService beans will not be used for username/password login. Consider removing the AuthenticationProvider bean. Alternatively, consider using the UserDetailsService in a manually instantiated DaoAuthenticationProvider.
2025-04-02T18:59:06.526+03:00  INFO 12516 --- [walnut] [main] o.s.b.w.embedded.tomcat.TomcatWebServer  : Tomcat started on port 7701 (http) with context path '/Walnut-R.Pravnyk'
2025-04-02T18:59:06.533+03:00  INFO 12516 --- [walnut] [main] o.e.b.BlackSeaWalnutApplication          : Started BlackSeaWalnutApplication in 15.69 seconds (process running for 19.116)
2025-04-02T18:59:06.538+03:00  INFO 12516 --- [walnut] [main] o.example.black_sea_walnut.util.LogUtil  : Fetching all news
2025-04-02T18:59:06.691+03:00  INFO 12516 --- [walnut] [main] o.example.black_sea_walnut.util.LogUtil  : Fetching all countries.
2025-04-02T18:59:06.708+03:00  INFO 12516 --- [walnut] [main] o.example.black_sea_walnut.util.LogUtil  : Fetched 3 countries.
2025-04-02T18:59:06.708+03:00  INFO 12516 --- [walnut] [main] o.example.black_sea_walnut.util.LogUtil  : Fetching all history records
2025-04-02T18:59:06.811+03:00  INFO 12516 --- [walnut] [main] o.example.black_sea_walnut.util.LogUtil  : Fetching all ClientCategories.
2025-04-02T18:59:06.832+03:00  INFO 12516 --- [walnut] [main] o.example.black_sea_walnut.util.LogUtil  : Fetched 2 ClientCategories.
2025-04-02T18:59:06.833+03:00  INFO 12516 --- [walnut] [main] o.example.black_sea_walnut.util.LogUtil  : Fetching all transactions
2025-04-02T18:59:06.853+03:00  INFO 12516 --- [walnut] [main] o.example.black_sea_walnut.util.LogUtil  : Fetching all products
2025-04-02T18:59:06.878+03:00  INFO 12516 --- [walnut] [main] o.example.black_sea_walnut.util.LogUtil  : Fetched product: 10
2025-04-02T18:59:11.017+03:00  INFO 12516 --- [walnut] [http-nio-7701-exec-1] o.a.c.c.C.[.[.[/Walnut-R.Pravnyk]        : Initializing Spring DispatcherServlet 'dispatcherServlet'
2025-04-02T18:59:11.019+03:00  INFO 12516 --- [walnut] [http-nio-7701-exec-1] o.s.web.servlet.DispatcherServlet        : Initializing Servlet 'dispatcherServlet'
2025-04-02T18:59:11.026+03:00  INFO 12516 --- [walnut] [http-nio-7701-exec-1] o.s.web.servlet.DispatcherServlet        : Completed initialization in 6 ms
2025-04-02T18:59:15.113+03:00  WARN 12516 --- [walnut] [http-nio-7701-exec-1] actStandardFragmentInsertionTagProcessor : [THYMELEAF][http-nio-7701-exec-1][admin/blocks/layout.html] Deprecated unwrapped fragment expression "admin/blocks/sidebar::sidebar" found in template admin/blocks/layout.html, line 111, col 19. Please use the complete syntax of fragment expressions instead ("~{admin/blocks/sidebar::sidebar}"). The old, unwrapped syntax for fragment expressions will be removed in future versions of Thymeleaf.
2025-04-02T18:59:15.359+03:00  WARN 12516 --- [walnut] [http-nio-7701-exec-1] actStandardFragmentInsertionTagProcessor : [THYMELEAF][http-nio-7701-exec-1][admin/blocks/layout.html] Deprecated unwrapped fragment expression "admin/blocks/navbar::navbar" found in template admin/blocks/layout.html, line 116, col 23. Please use the complete syntax of fragment expressions instead ("~{admin/blocks/navbar::navbar}"). The old, unwrapped syntax for fragment expressions will be removed in future versions of Thymeleaf.
2025-04-02T18:59:16.823+03:00  INFO 12516 --- [walnut] [http-nio-7701-exec-1] o.example.black_sea_walnut.util.LogUtil  : Fetching orders with filter: org.example.black_sea_walnut.dto.admin.order.ResponseOrderForView@3721062b and page request: Page request [number: 0, size 5, sort: UNSORTED]
2025-04-02T18:59:16.924+03:00  INFO 12516 --- [walnut] [http-nio-7701-exec-1] o.example.black_sea_walnut.util.LogUtil  : Fetched 5 orders.
2025-04-02T18:59:17.083+03:00  INFO 12516 --- [walnut] [http-nio-7701-exec-7] o.example.black_sea_walnut.util.LogUtil  : Fetching orders with filter: org.example.black_sea_walnut.dto.admin.order.ResponseOrderForView@2604f1a6 and page request: Page request [number: 0, size 5, sort: UNSORTED]
2025-04-02T18:59:17.129+03:00  INFO 12516 --- [walnut] [http-nio-7701-exec-7] o.example.black_sea_walnut.util.LogUtil  : Fetched 5 orders.
2025-04-02T18:59:29.663+03:00  WARN 12516 --- [walnut] [http-nio-7701-exec-2] actStandardFragmentInsertionTagProcessor : [THYMELEAF][http-nio-7701-exec-2][admin/blocks/layout.html] Deprecated unwrapped fragment expression "admin/blocks/sidebar::sidebar" found in template admin/blocks/layout.html, line 111, col 19. Please use the complete syntax of fragment expressions instead ("~{admin/blocks/sidebar::sidebar}"). The old, unwrapped syntax for fragment expressions will be removed in future versions of Thymeleaf.
2025-04-02T18:59:29.671+03:00  WARN 12516 --- [walnut] [http-nio-7701-exec-2] actStandardFragmentInsertionTagProcessor : [THYMELEAF][http-nio-7701-exec-2][admin/blocks/layout.html] Deprecated unwrapped fragment expression "admin/blocks/navbar::navbar" found in template admin/blocks/layout.html, line 116, col 23. Please use the complete syntax of fragment expressions instead ("~{admin/blocks/navbar::navbar}"). The old, unwrapped syntax for fragment expressions will be removed in future versions of Thymeleaf.
2025-04-02T18:59:30.941+03:00  INFO 12516 --- [walnut] [http-nio-7701-exec-9] o.example.black_sea_walnut.util.LogUtil  : Fetching transactions with filters: ResponseTransactionForView(id=null, customer=, date=, time=null, summa=null, phone=, email=, typeOfPayment=, statusPayment=), Page: Page request [number: 0, size 5, sort: UNSORTED]
2025-04-02T18:59:31.048+03:00  INFO 12516 --- [walnut] [http-nio-7701-exec-2] o.example.black_sea_walnut.util.LogUtil  : Fetching transactions with filters: ResponseTransactionForView(id=null, customer=, date=, time=null, summa=null, phone=, email=, typeOfPayment=, statusPayment=), Page: Page request [number: 0, size 5, sort: UNSORTED]
2025-04-02T18:59:32.362+03:00  WARN 12516 --- [walnut] [http-nio-7701-exec-10] actStandardFragmentInsertionTagProcessor : [THYMELEAF][http-nio-7701-exec-10][admin/blocks/layout.html] Deprecated unwrapped fragment expression "admin/blocks/sidebar::sidebar" found in template admin/blocks/layout.html, line 111, col 19. Please use the complete syntax of fragment expressions instead ("~{admin/blocks/sidebar::sidebar}"). The old, unwrapped syntax for fragment expressions will be removed in future versions of Thymeleaf.
2025-04-02T18:59:32.366+03:00  WARN 12516 --- [walnut] [http-nio-7701-exec-10] actStandardFragmentInsertionTagProcessor : [THYMELEAF][http-nio-7701-exec-10][admin/blocks/layout.html] Deprecated unwrapped fragment expression "admin/blocks/navbar::navbar" found in template admin/blocks/layout.html, line 116, col 23. Please use the complete syntax of fragment expressions instead ("~{admin/blocks/navbar::navbar}"). The old, unwrapped syntax for fragment expressions will be removed in future versions of Thymeleaf.
2025-04-02T18:59:38.272+03:00  WARN 12516 --- [walnut] [http-nio-7701-exec-10] actStandardFragmentInsertionTagProcessor : [THYMELEAF][http-nio-7701-exec-10][admin/blocks/layout.html] Deprecated unwrapped fragment expression "admin/blocks/sidebar::sidebar" found in template admin/blocks/layout.html, line 111, col 19. Please use the complete syntax of fragment expressions instead ("~{admin/blocks/sidebar::sidebar}"). The old, unwrapped syntax for fragment expressions will be removed in future versions of Thymeleaf.
2025-04-02T18:59:38.276+03:00  WARN 12516 --- [walnut] [http-nio-7701-exec-10] actStandardFragmentInsertionTagProcessor : [THYMELEAF][http-nio-7701-exec-10][admin/blocks/layout.html] Deprecated unwrapped fragment expression "admin/blocks/navbar::navbar" found in template admin/blocks/layout.html, line 116, col 23. Please use the complete syntax of fragment expressions instead ("~{admin/blocks/navbar::navbar}"). The old, unwrapped syntax for fragment expressions will be removed in future versions of Thymeleaf.
2025-04-02T18:59:38.534+03:00  INFO 12516 --- [walnut] [http-nio-7701-exec-6] o.example.black_sea_walnut.util.LogUtil  : Fetching discounts by language code: uk
2025-04-02T18:59:38.534+03:00  INFO 12516 --- [walnut] [http-nio-7701-exec-4] o.example.black_sea_walnut.util.LogUtil  : Fetching tastes by language code: uk
2025-04-02T18:59:38.599+03:00  INFO 12516 --- [walnut] [http-nio-7701-exec-6] o.example.black_sea_walnut.util.LogUtil  : Fetched 1 discounts for language code: uk
2025-04-02T18:59:38.734+03:00  INFO 12516 --- [walnut] [http-nio-7701-exec-5] o.example.black_sea_walnut.util.LogUtil  : Fetching discounts by language code: uk
2025-04-02T18:59:38.734+03:00  INFO 12516 --- [walnut] [http-nio-7701-exec-2] o.example.black_sea_walnut.util.LogUtil  : Fetching tastes by language code: uk
2025-04-02T18:59:38.740+03:00  INFO 12516 --- [walnut] [http-nio-7701-exec-5] o.example.black_sea_walnut.util.LogUtil  : Fetched 1 discounts for language code: uk
2025-04-02T18:59:40.508+03:00  WARN 12516 --- [walnut] [http-nio-7701-exec-6] actStandardFragmentInsertionTagProcessor : [THYMELEAF][http-nio-7701-exec-6][admin/blocks/layout.html] Deprecated unwrapped fragment expression "admin/blocks/sidebar::sidebar" found in template admin/blocks/layout.html, line 111, col 19. Please use the complete syntax of fragment expressions instead ("~{admin/blocks/sidebar::sidebar}"). The old, unwrapped syntax for fragment expressions will be removed in future versions of Thymeleaf.
2025-04-02T18:59:40.513+03:00  WARN 12516 --- [walnut] [http-nio-7701-exec-6] actStandardFragmentInsertionTagProcessor : [THYMELEAF][http-nio-7701-exec-6][admin/blocks/layout.html] Deprecated unwrapped fragment expression "admin/blocks/navbar::navbar" found in template admin/blocks/layout.html, line 116, col 23. Please use the complete syntax of fragment expressions instead ("~{admin/blocks/navbar::navbar}"). The old, unwrapped syntax for fragment expressions will be removed in future versions of Thymeleaf.
2025-04-02T19:05:15.829+03:00  INFO 12516 --- [walnut] [SpringApplicationShutdownHook] j.LocalContainerEntityManagerFactoryBean : Closing JPA EntityManagerFactory for persistence unit 'default'
2025-04-02T19:05:15.843+03:00  INFO 12516 --- [walnut] [SpringApplicationShutdownHook] com.zaxxer.hikari.HikariDataSource       : HikariPool-1 - Shutdown initiated...
2025-04-02T19:05:15.996+03:00  INFO 12516 --- [walnut] [SpringApplicationShutdownHook] com.zaxxer.hikari.HikariDataSource       : HikariPool-1 - Shutdown completed.
2025-04-02T19:05:23.859+03:00  INFO 15260 --- [walnut] [main] o.e.b.BlackSeaWalnutApplication          : Starting BlackSeaWalnutApplication using Java 22.0.2 with PID 15260 (C:\Users\Roma\IdeaProjects\black_sea_walnut5\target\classes started by Roma in C:\Users\Roma\IdeaProjects\black_sea_walnut5)
2025-04-02T19:05:23.861+03:00  INFO 15260 --- [walnut] [main] o.e.b.BlackSeaWalnutApplication          : No active profile set, falling back to 1 default profile: "default"
2025-04-02T19:05:25.748+03:00  INFO 15260 --- [walnut] [main] .s.d.r.c.RepositoryConfigurationDelegate : Bootstrapping Spring Data JPA repositories in DEFAULT mode.
2025-04-02T19:05:25.948+03:00  INFO 15260 --- [walnut] [main] .s.d.r.c.RepositoryConfigurationDelegate : Finished Spring Data repository scanning in 191 ms. Found 24 JPA repository interfaces.
2025-04-02T19:05:26.719+03:00  INFO 15260 --- [walnut] [main] o.s.b.w.embedded.tomcat.TomcatWebServer  : Tomcat initialized with port 7701 (http)
2025-04-02T19:05:26.738+03:00  INFO 15260 --- [walnut] [main] o.apache.catalina.core.StandardService   : Starting service [Tomcat]
2025-04-02T19:05:26.738+03:00  INFO 15260 --- [walnut] [main] o.apache.catalina.core.StandardEngine    : Starting Servlet engine: [Apache Tomcat/10.1.30]
2025-04-02T19:05:26.804+03:00  INFO 15260 --- [walnut] [main] o.a.c.c.C.[.[.[/Walnut-R.Pravnyk]        : Initializing Spring embedded WebApplicationContext
2025-04-02T19:05:26.804+03:00  INFO 15260 --- [walnut] [main] w.s.c.ServletWebServerApplicationContext : Root WebApplicationContext: initialization completed in 2607 ms
2025-04-02T19:05:27.020+03:00  INFO 15260 --- [walnut] [main] o.hibernate.jpa.internal.util.LogHelper  : HHH000204: Processing PersistenceUnitInfo [name: default]
2025-04-02T19:05:27.087+03:00  INFO 15260 --- [walnut] [main] org.hibernate.Version                    : HHH000412: Hibernate ORM core version 6.5.3.Final
2025-04-02T19:05:27.150+03:00  INFO 15260 --- [walnut] [main] o.h.c.internal.RegionFactoryInitiator    : HHH000026: Second-level cache disabled
2025-04-02T19:05:27.578+03:00  INFO 15260 --- [walnut] [main] o.s.o.j.p.SpringPersistenceUnitInfo      : No LoadTimeWeaver setup: ignoring JPA class transformer
2025-04-02T19:05:27.613+03:00  INFO 15260 --- [walnut] [main] com.zaxxer.hikari.HikariDataSource       : HikariPool-1 - Starting...
2025-04-02T19:05:28.029+03:00  INFO 15260 --- [walnut] [main] com.zaxxer.hikari.pool.HikariPool        : HikariPool-1 - Added connection com.mysql.cj.jdbc.ConnectionImpl@490d9c41
2025-04-02T19:05:28.031+03:00  INFO 15260 --- [walnut] [main] com.zaxxer.hikari.HikariDataSource       : HikariPool-1 - Start completed.
2025-04-02T19:05:28.082+03:00  WARN 15260 --- [walnut] [main] org.hibernate.orm.deprecation            : HHH90000025: MySQL8Dialect does not need to be specified explicitly using 'hibernate.dialect' (remove the property setting and it will be selected by default)
2025-04-02T19:05:28.083+03:00  WARN 15260 --- [walnut] [main] org.hibernate.orm.deprecation            : HHH90000026: MySQL8Dialect has been deprecated; use org.hibernate.dialect.MySQLDialect instead
2025-04-02T19:05:29.959+03:00  INFO 15260 --- [walnut] [main] o.h.e.t.j.p.i.JtaPlatformInitiator       : HHH000489: No JTA platform available (set 'hibernate.transaction.jta.platform' to enable JTA platform integration)
2025-04-02T19:05:30.466+03:00  INFO 15260 --- [walnut] [main] j.LocalContainerEntityManagerFactoryBean : Initialized JPA EntityManagerFactory for persistence unit 'default'
2025-04-02T19:05:30.905+03:00  INFO 15260 --- [walnut] [main] o.s.d.j.r.query.QueryEnhancerFactory     : Hibernate is in classpath; If applicable, HQL parser will be used.
2025-04-02T19:05:32.703+03:00  WARN 15260 --- [walnut] [main] JpaBaseConfiguration$JpaWebConfiguration : spring.jpa.open-in-view is enabled by default. Therefore, database queries may be performed during view rendering. Explicitly configure spring.jpa.open-in-view to disable this warning
2025-04-02T19:05:32.753+03:00  INFO 15260 --- [walnut] [main] eAuthenticationProviderManagerConfigurer : Global AuthenticationManager configured with AuthenticationProvider bean with name authenticationProvider
2025-04-02T19:05:32.755+03:00  WARN 15260 --- [walnut] [main] r$InitializeUserDetailsManagerConfigurer : Global AuthenticationManager configured with an AuthenticationProvider bean. UserDetailsService beans will not be used for username/password login. Consider removing the AuthenticationProvider bean. Alternatively, consider using the UserDetailsService in a manually instantiated DaoAuthenticationProvider.
2025-04-02T19:05:33.717+03:00  INFO 15260 --- [walnut] [main] o.s.b.w.embedded.tomcat.TomcatWebServer  : Tomcat started on port 7701 (http) with context path '/Walnut-R.Pravnyk'
2025-04-02T19:05:33.728+03:00  INFO 15260 --- [walnut] [main] o.e.b.BlackSeaWalnutApplication          : Started BlackSeaWalnutApplication in 10.647 seconds (process running for 11.517)
2025-04-02T19:05:33.733+03:00  INFO 15260 --- [walnut] [main] o.example.black_sea_walnut.util.LogUtil  : Fetching all news
2025-04-02T19:05:33.859+03:00  INFO 15260 --- [walnut] [main] o.example.black_sea_walnut.util.LogUtil  : Fetching all countries.
2025-04-02T19:05:33.864+03:00  INFO 15260 --- [walnut] [main] o.example.black_sea_walnut.util.LogUtil  : Fetched 3 countries.
2025-04-02T19:05:33.864+03:00  INFO 15260 --- [walnut] [main] o.example.black_sea_walnut.util.LogUtil  : Fetching all history records
2025-04-02T19:05:33.896+03:00  INFO 15260 --- [walnut] [main] o.example.black_sea_walnut.util.LogUtil  : Fetching all ClientCategories.
2025-04-02T19:05:33.903+03:00  INFO 15260 --- [walnut] [main] o.example.black_sea_walnut.util.LogUtil  : Fetched 2 ClientCategories.
2025-04-02T19:05:33.903+03:00  INFO 15260 --- [walnut] [main] o.example.black_sea_walnut.util.LogUtil  : Fetching all transactions
2025-04-02T19:05:33.913+03:00  INFO 15260 --- [walnut] [main] o.example.black_sea_walnut.util.LogUtil  : Fetching all products
2025-04-02T19:05:33.927+03:00  INFO 15260 --- [walnut] [main] o.example.black_sea_walnut.util.LogUtil  : Fetched product: 10
2025-04-02T19:08:40.277+03:00  INFO 15260 --- [walnut] [http-nio-7701-exec-1] o.a.c.c.C.[.[.[/Walnut-R.Pravnyk]        : Initializing Spring DispatcherServlet 'dispatcherServlet'
2025-04-02T19:08:40.277+03:00  INFO 15260 --- [walnut] [http-nio-7701-exec-1] o.s.web.servlet.DispatcherServlet        : Initializing Servlet 'dispatcherServlet'
2025-04-02T19:08:40.283+03:00  INFO 15260 --- [walnut] [http-nio-7701-exec-1] o.s.web.servlet.DispatcherServlet        : Completed initialization in 5 ms
2025-04-02T19:08:58.233+03:00  INFO 15260 --- [walnut] [http-nio-7701-exec-3] o.example.black_sea_walnut.util.LogUtil  : Fetching all news with filters
2025-04-02T19:08:58.405+03:00  INFO 15260 --- [walnut] [http-nio-7701-exec-10] o.example.black_sea_walnut.util.LogUtil  : Fetching all news with filters
2025-04-02T19:09:03.218+03:00  INFO 15260 --- [walnut] [http-nio-7701-exec-9] o.example.black_sea_walnut.util.LogUtil  : Fetching transactions with filters: ResponseTransactionForView(id=null, customer=, date=, time=null, summa=null, phone=, email=, typeOfPayment=, statusPayment=), Page: Page request [number: 0, size 5, sort: UNSORTED]
2025-04-02T19:09:03.292+03:00  INFO 15260 --- [walnut] [http-nio-7701-exec-4] o.example.black_sea_walnut.util.LogUtil  : Fetching transactions with filters: ResponseTransactionForView(id=null, customer=, date=, time=null, summa=null, phone=, email=, typeOfPayment=, statusPayment=), Page: Page request [number: 0, size 5, sort: UNSORTED]
2025-04-02T19:24:08.759+03:00  INFO 15260 --- [walnut] [http-nio-7701-exec-10] o.example.black_sea_walnut.util.LogUtil  : Fetching order by id: 1
2025-04-02T19:24:08.775+03:00  INFO 15260 --- [walnut] [http-nio-7701-exec-10] o.example.black_sea_walnut.util.LogUtil  : Fetching order by id: 1
2025-04-02T19:24:09.108+03:00 ERROR 15260 --- [walnut] [http-nio-7701-exec-10] o.a.c.c.C.[.[.[.P.[dispatcherServlet]    : Servlet.service() for servlet [dispatcherServlet] in context with path [/Walnut-R.Pravnyk] threw exception [Request processing failed: java.lang.NullPointerException: Cannot invoke "org.example.black_sea_walnut.entity.City.toString()" because the return value of "org.example.black_sea_walnut.entity.User.getCity()" is null] with root cause

java.lang.NullPointerException: Cannot invoke "org.example.black_sea_walnut.entity.City.toString()" because the return value of "org.example.black_sea_walnut.entity.User.getCity()" is null
	at org.example.black_sea_walnut.mapper.OrderMapper.toDTOAdd(OrderMapper.java:54) ~[classes/:na]
	at org.example.black_sea_walnut.service.imp.OrderServiceImp.getByIdInDTOAdd(OrderServiceImp.java:112) ~[classes/:na]
	at java.base/jdk.internal.reflect.DirectMethodHandleAccessor.invoke(DirectMethodHandleAccessor.java:103) ~[na:na]
	at java.base/java.lang.reflect.Method.invoke(Method.java:580) ~[na:na]
	at org.springframework.aop.support.AopUtils.invokeJoinpointUsingReflection(AopUtils.java:355) ~[spring-aop-6.1.13.jar:6.1.13]
	at org.springframework.aop.framework.CglibAopProxy$DynamicAdvisedInterceptor.intercept(CglibAopProxy.java:716) ~[spring-aop-6.1.13.jar:6.1.13]
	at org.example.black_sea_walnut.service.imp.OrderServiceImp$$SpringCGLIB$$0.getByIdInDTOAdd(<generated>) ~[classes/:na]
	at org.example.black_sea_walnut.controller.admin.OrderController.getOrder(OrderController.java:61) ~[classes/:na]
	at java.base/jdk.internal.reflect.DirectMethodHandleAccessor.invoke(DirectMethodHandleAccessor.java:103) ~[na:na]
	at java.base/java.lang.reflect.Method.invoke(Method.java:580) ~[na:na]
	at org.springframework.web.method.support.InvocableHandlerMethod.doInvoke(InvocableHandlerMethod.java:255) ~[spring-web-6.1.13.jar:6.1.13]
	at org.springframework.web.method.support.InvocableHandlerMethod.invokeForRequest(InvocableHandlerMethod.java:188) ~[spring-web-6.1.13.jar:6.1.13]
	at org.springframework.web.servlet.mvc.method.annotation.ServletInvocableHandlerMethod.invokeAndHandle(ServletInvocableHandlerMethod.java:118) ~[spring-webmvc-6.1.13.jar:6.1.13]
	at org.springframework.web.servlet.mvc.method.annotation.RequestMappingHandlerAdapter.invokeHandlerMethod(RequestMappingHandlerAdapter.java:926) ~[spring-webmvc-6.1.13.jar:6.1.13]
	at org.springframework.web.servlet.mvc.method.annotation.RequestMappingHandlerAdapter.handleInternal(RequestMappingHandlerAdapter.java:831) ~[spring-webmvc-6.1.13.jar:6.1.13]
	at org.springframework.web.servlet.mvc.method.AbstractHandlerMethodAdapter.handle(AbstractHandlerMethodAdapter.java:87) ~[spring-webmvc-6.1.13.jar:6.1.13]
	at org.springframework.web.servlet.DispatcherServlet.doDispatch(DispatcherServlet.java:1089) ~[spring-webmvc-6.1.13.jar:6.1.13]
	at org.springframework.web.servlet.DispatcherServlet.doService(DispatcherServlet.java:979) ~[spring-webmvc-6.1.13.jar:6.1.13]
	at org.springframework.web.servlet.FrameworkServlet.processRequest(FrameworkServlet.java:1014) ~[spring-webmvc-6.1.13.jar:6.1.13]
	at org.springframework.web.servlet.FrameworkServlet.doGet(FrameworkServlet.java:903) ~[spring-webmvc-6.1.13.jar:6.1.13]
	at jakarta.servlet.http.HttpServlet.service(HttpServlet.java:564) ~[tomcat-embed-core-10.1.30.jar:6.0]
	at org.springframework.web.servlet.FrameworkServlet.service(FrameworkServlet.java:885) ~[spring-webmvc-6.1.13.jar:6.1.13]
	at jakarta.servlet.http.HttpServlet.service(HttpServlet.java:658) ~[tomcat-embed-core-10.1.30.jar:6.0]
	at org.apache.catalina.core.ApplicationFilterChain.internalDoFilter(ApplicationFilterChain.java:195) ~[tomcat-embed-core-10.1.30.jar:10.1.30]
	at org.apache.catalina.core.ApplicationFilterChain.doFilter(ApplicationFilterChain.java:140) ~[tomcat-embed-core-10.1.30.jar:10.1.30]
	at org.apache.tomcat.websocket.server.WsFilter.doFilter(WsFilter.java:51) ~[tomcat-embed-websocket-10.1.30.jar:10.1.30]
	at org.apache.catalina.core.ApplicationFilterChain.internalDoFilter(ApplicationFilterChain.java:164) ~[tomcat-embed-core-10.1.30.jar:10.1.30]
	at org.apache.catalina.core.ApplicationFilterChain.doFilter(ApplicationFilterChain.java:140) ~[tomcat-embed-core-10.1.30.jar:10.1.30]
	at org.springframework.web.filter.CompositeFilter$VirtualFilterChain.doFilter(CompositeFilter.java:108) ~[spring-web-6.1.13.jar:6.1.13]
	at org.springframework.security.web.FilterChainProxy.lambda$doFilterInternal$3(FilterChainProxy.java:231) ~[spring-security-web-6.3.3.jar:6.3.3]
	at org.springframework.security.web.FilterChainProxy$VirtualFilterChain.doFilter(FilterChainProxy.java:365) ~[spring-security-web-6.3.3.jar:6.3.3]
	at org.springframework.security.web.access.intercept.AuthorizationFilter.doFilter(AuthorizationFilter.java:100) ~[spring-security-web-6.3.3.jar:6.3.3]
	at org.springframework.security.web.FilterChainProxy$VirtualFilterChain.doFilter(FilterChainProxy.java:374) ~[spring-security-web-6.3.3.jar:6.3.3]
	at org.springframework.security.web.access.ExceptionTranslationFilter.doFilter(ExceptionTranslationFilter.java:126) ~[spring-security-web-6.3.3.jar:6.3.3]
	at org.springframework.security.web.access.ExceptionTranslationFilter.doFilter(ExceptionTranslationFilter.java:120) ~[spring-security-web-6.3.3.jar:6.3.3]
	at org.springframework.security.web.FilterChainProxy$VirtualFilterChain.doFilter(FilterChainProxy.java:374) ~[spring-security-web-6.3.3.jar:6.3.3]
	at org.springframework.security.web.authentication.AnonymousAuthenticationFilter.doFilter(AnonymousAuthenticationFilter.java:100) ~[spring-security-web-6.3.3.jar:6.3.3]
	at org.springframework.security.web.FilterChainProxy$VirtualFilterChain.doFilter(FilterChainProxy.java:374) ~[spring-security-web-6.3.3.jar:6.3.3]
	at org.springframework.security.web.servletapi.SecurityContextHolderAwareRequestFilter.doFilter(SecurityContextHolderAwareRequestFilter.java:179) ~[spring-security-web-6.3.3.jar:6.3.3]
	at org.springframework.security.web.FilterChainProxy$VirtualFilterChain.doFilter(FilterChainProxy.java:374) ~[spring-security-web-6.3.3.jar:6.3.3]
	at org.springframework.security.web.savedrequest.RequestCacheAwareFilter.doFilter(RequestCacheAwareFilter.java:63) ~[spring-security-web-6.3.3.jar:6.3.3]
	at org.springframework.security.web.FilterChainProxy$VirtualFilterChain.doFilter(FilterChainProxy.java:374) ~[spring-security-web-6.3.3.jar:6.3.3]
	at org.springframework.security.web.authentication.AbstractAuthenticationProcessingFilter.doFilter(AbstractAuthenticationProcessingFilter.java:227) ~[spring-security-web-6.3.3.jar:6.3.3]
	at org.springframework.security.web.authentication.AbstractAuthenticationProcessingFilter.doFilter(AbstractAuthenticationProcessingFilter.java:221) ~[spring-security-web-6.3.3.jar:6.3.3]
	at org.springframework.security.web.FilterChainProxy$VirtualFilterChain.doFilter(FilterChainProxy.java:374) ~[spring-security-web-6.3.3.jar:6.3.3]
	at org.springframework.security.web.authentication.logout.LogoutFilter.doFilter(LogoutFilter.java:107) ~[spring-security-web-6.3.3.jar:6.3.3]
	at org.springframework.security.web.authentication.logout.LogoutFilter.doFilter(LogoutFilter.java:93) ~[spring-security-web-6.3.3.jar:6.3.3]
	at org.springframework.security.web.FilterChainProxy$VirtualFilterChain.doFilter(FilterChainProxy.java:374) ~[spring-security-web-6.3.3.jar:6.3.3]
	at org.springframework.security.web.header.HeaderWriterFilter.doHeadersAfter(HeaderWriterFilter.java:90) ~[spring-security-web-6.3.3.jar:6.3.3]
	at org.springframework.security.web.header.HeaderWriterFilter.doFilterInternal(HeaderWriterFilter.java:75) ~[spring-security-web-6.3.3.jar:6.3.3]
	at org.springframework.web.filter.OncePerRequestFilter.doFilter(OncePerRequestFilter.java:116) ~[spring-web-6.1.13.jar:6.1.13]
	at org.springframework.security.web.FilterChainProxy$VirtualFilterChain.doFilter(FilterChainProxy.java:374) ~[spring-security-web-6.3.3.jar:6.3.3]
	at org.springframework.security.web.context.SecurityContextHolderFilter.doFilter(SecurityContextHolderFilter.java:82) ~[spring-security-web-6.3.3.jar:6.3.3]
	at org.springframework.security.web.context.SecurityContextHolderFilter.doFilter(SecurityContextHolderFilter.java:69) ~[spring-security-web-6.3.3.jar:6.3.3]
	at org.springframework.security.web.FilterChainProxy$VirtualFilterChain.doFilter(FilterChainProxy.java:374) ~[spring-security-web-6.3.3.jar:6.3.3]
	at org.springframework.security.web.context.request.async.WebAsyncManagerIntegrationFilter.doFilterInternal(WebAsyncManagerIntegrationFilter.java:62) ~[spring-security-web-6.3.3.jar:6.3.3]
	at org.springframework.web.filter.OncePerRequestFilter.doFilter(OncePerRequestFilter.java:116) ~[spring-web-6.1.13.jar:6.1.13]
	at org.springframework.security.web.FilterChainProxy$VirtualFilterChain.doFilter(FilterChainProxy.java:374) ~[spring-security-web-6.3.3.jar:6.3.3]
	at org.springframework.security.web.session.DisableEncodeUrlFilter.doFilterInternal(DisableEncodeUrlFilter.java:42) ~[spring-security-web-6.3.3.jar:6.3.3]
	at org.springframework.web.filter.OncePerRequestFilter.doFilter(OncePerRequestFilter.java:116) ~[spring-web-6.1.13.jar:6.1.13]
	at org.springframework.security.web.FilterChainProxy$VirtualFilterChain.doFilter(FilterChainProxy.java:374) ~[spring-security-web-6.3.3.jar:6.3.3]
	at org.springframework.security.web.FilterChainProxy.doFilterInternal(FilterChainProxy.java:233) ~[spring-security-web-6.3.3.jar:6.3.3]
	at org.springframework.security.web.FilterChainProxy.doFilter(FilterChainProxy.java:191) ~[spring-security-web-6.3.3.jar:6.3.3]
	at org.springframework.web.filter.CompositeFilter$VirtualFilterChain.doFilter(CompositeFilter.java:113) ~[spring-web-6.1.13.jar:6.1.13]
	at org.springframework.web.servlet.handler.HandlerMappingIntrospector.lambda$createCacheFilter$3(HandlerMappingIntrospector.java:195) ~[spring-webmvc-6.1.13.jar:6.1.13]
	at org.springframework.web.filter.CompositeFilter$VirtualFilterChain.doFilter(CompositeFilter.java:113) ~[spring-web-6.1.13.jar:6.1.13]
	at org.springframework.web.filter.CompositeFilter.doFilter(CompositeFilter.java:74) ~[spring-web-6.1.13.jar:6.1.13]
	at org.springframework.security.config.annotation.web.configuration.WebMvcSecurityConfiguration$CompositeFilterChainProxy.doFilter(WebMvcSecurityConfiguration.java:230) ~[spring-security-config-6.3.3.jar:6.3.3]
	at org.springframework.web.filter.DelegatingFilterProxy.invokeDelegate(DelegatingFilterProxy.java:352) ~[spring-web-6.1.13.jar:6.1.13]
	at org.springframework.web.filter.DelegatingFilterProxy.doFilter(DelegatingFilterProxy.java:268) ~[spring-web-6.1.13.jar:6.1.13]
	at org.apache.catalina.core.ApplicationFilterChain.internalDoFilter(ApplicationFilterChain.java:164) ~[tomcat-embed-core-10.1.30.jar:10.1.30]
	at org.apache.catalina.core.ApplicationFilterChain.doFilter(ApplicationFilterChain.java:140) ~[tomcat-embed-core-10.1.30.jar:10.1.30]
	at org.springframework.web.filter.RequestContextFilter.doFilterInternal(RequestContextFilter.java:100) ~[spring-web-6.1.13.jar:6.1.13]
	at org.springframework.web.filter.OncePerRequestFilter.doFilter(OncePerRequestFilter.java:116) ~[spring-web-6.1.13.jar:6.1.13]
	at org.apache.catalina.core.ApplicationFilterChain.internalDoFilter(ApplicationFilterChain.java:164) ~[tomcat-embed-core-10.1.30.jar:10.1.30]
	at org.apache.catalina.core.ApplicationFilterChain.doFilter(ApplicationFilterChain.java:140) ~[tomcat-embed-core-10.1.30.jar:10.1.30]
	at org.springframework.web.filter.FormContentFilter.doFilterInternal(FormContentFilter.java:93) ~[spring-web-6.1.13.jar:6.1.13]
	at org.springframework.web.filter.OncePerRequestFilter.doFilter(OncePerRequestFilter.java:116) ~[spring-web-6.1.13.jar:6.1.13]
	at org.apache.catalina.core.ApplicationFilterChain.internalDoFilter(ApplicationFilterChain.java:164) ~[tomcat-embed-core-10.1.30.jar:10.1.30]
	at org.apache.catalina.core.ApplicationFilterChain.doFilter(ApplicationFilterChain.java:140) ~[tomcat-embed-core-10.1.30.jar:10.1.30]
	at org.springframework.web.filter.CharacterEncodingFilter.doFilterInternal(CharacterEncodingFilter.java:201) ~[spring-web-6.1.13.jar:6.1.13]
	at org.springframework.web.filter.OncePerRequestFilter.doFilter(OncePerRequestFilter.java:116) ~[spring-web-6.1.13.jar:6.1.13]
	at org.apache.catalina.core.ApplicationFilterChain.internalDoFilter(ApplicationFilterChain.java:164) ~[tomcat-embed-core-10.1.30.jar:10.1.30]
	at org.apache.catalina.core.ApplicationFilterChain.doFilter(ApplicationFilterChain.java:140) ~[tomcat-embed-core-10.1.30.jar:10.1.30]
	at org.apache.catalina.core.StandardWrapperValve.invoke(StandardWrapperValve.java:167) ~[tomcat-embed-core-10.1.30.jar:10.1.30]
	at org.apache.catalina.core.StandardContextValve.invoke(StandardContextValve.java:90) ~[tomcat-embed-core-10.1.30.jar:10.1.30]
	at org.apache.catalina.authenticator.AuthenticatorBase.invoke(AuthenticatorBase.java:483) ~[tomcat-embed-core-10.1.30.jar:10.1.30]
	at org.apache.catalina.core.StandardHostValve.invoke(StandardHostValve.java:115) ~[tomcat-embed-core-10.1.30.jar:10.1.30]
	at org.apache.catalina.valves.ErrorReportValve.invoke(ErrorReportValve.java:93) ~[tomcat-embed-core-10.1.30.jar:10.1.30]
	at org.apache.catalina.core.StandardEngineValve.invoke(StandardEngineValve.java:74) ~[tomcat-embed-core-10.1.30.jar:10.1.30]
	at org.apache.catalina.connector.CoyoteAdapter.service(CoyoteAdapter.java:344) ~[tomcat-embed-core-10.1.30.jar:10.1.30]
	at org.apache.coyote.http11.Http11Processor.service(Http11Processor.java:384) ~[tomcat-embed-core-10.1.30.jar:10.1.30]
	at org.apache.coyote.AbstractProcessorLight.process(AbstractProcessorLight.java:63) ~[tomcat-embed-core-10.1.30.jar:10.1.30]
	at org.apache.coyote.AbstractProtocol$ConnectionHandler.process(AbstractProtocol.java:905) ~[tomcat-embed-core-10.1.30.jar:10.1.30]
	at org.apache.tomcat.util.net.NioEndpoint$SocketProcessor.doRun(NioEndpoint.java:1741) ~[tomcat-embed-core-10.1.30.jar:10.1.30]
	at org.apache.tomcat.util.net.SocketProcessorBase.run(SocketProcessorBase.java:52) ~[tomcat-embed-core-10.1.30.jar:10.1.30]
	at org.apache.tomcat.util.threads.ThreadPoolExecutor.runWorker(ThreadPoolExecutor.java:1190) ~[tomcat-embed-core-10.1.30.jar:10.1.30]
	at org.apache.tomcat.util.threads.ThreadPoolExecutor$Worker.run(ThreadPoolExecutor.java:659) ~[tomcat-embed-core-10.1.30.jar:10.1.30]
	at org.apache.tomcat.util.threads.TaskThread$WrappingRunnable.run(TaskThread.java:63) ~[tomcat-embed-core-10.1.30.jar:10.1.30]
	at java.base/java.lang.Thread.run(Thread.java:1570) ~[na:na]

2025-04-02T19:24:10.147+03:00  WARN 15260 --- [walnut] [http-nio-7701-exec-10] actStandardFragmentInsertionTagProcessor : [THYMELEAF][http-nio-7701-exec-10][web/blocks/layout.html] Deprecated unwrapped fragment expression "web/blocks/navbar::navbar" found in template web/blocks/layout.html, line 91, col 11. Please use the complete syntax of fragment expressions instead ("~{web/blocks/navbar::navbar}"). The old, unwrapped syntax for fragment expressions will be removed in future versions of Thymeleaf.
2025-04-02T19:24:10.220+03:00  WARN 15260 --- [walnut] [http-nio-7701-exec-10] actStandardFragmentInsertionTagProcessor : [THYMELEAF][http-nio-7701-exec-10][web/blocks/layout.html] Deprecated unwrapped fragment expression "web/blocks/footer::footer" found in template web/blocks/layout.html, line 174, col 11. Please use the complete syntax of fragment expressions instead ("~{web/blocks/footer::footer}"). The old, unwrapped syntax for fragment expressions will be removed in future versions of Thymeleaf.
2025-04-02T19:25:50.275+03:00  INFO 15260 --- [walnut] [SpringApplicationShutdownHook] j.LocalContainerEntityManagerFactoryBean : Closing JPA EntityManagerFactory for persistence unit 'default'
2025-04-02T19:25:50.275+03:00  INFO 15260 --- [walnut] [SpringApplicationShutdownHook] com.zaxxer.hikari.HikariDataSource       : HikariPool-1 - Shutdown initiated...
2025-04-02T19:25:50.298+03:00  INFO 15260 --- [walnut] [SpringApplicationShutdownHook] com.zaxxer.hikari.HikariDataSource       : HikariPool-1 - Shutdown completed.
